INFO: 2023-01-26 22:10:17,061: Detect terminal size change: (rows: 16, cols: 151)
INFO: 2023-01-26 22:10:17,064: Regist window: (TimelineHeaderWindow, window_id: 1, component_id: 0)
INFO: 2023-01-26 22:10:17,064: Regist window: (StatusBarWindow, window_id: 2, component_id: 1)
INFO: 2023-01-26 22:10:17,064: Regist window: (TimelineWindow, window_id: 3, component_id: 2)
INFO: 2023-01-26 22:10:17,064: Regist window: (DetailWindow, window_id: 4, component_id: 3)
ERROR: 2023-01-26 22:23:22,179: HTTPSConnectionPool(host='api.twitter.com', port=443): Read timed out. (read timeout=None)
INFO: 2023-01-26 22:23:23,434: 76 Tweet(s) acquired
INFO: 2023-01-26 22:24:23,223: 0 Tweet(s) acquired
INFO: 2023-01-26 22:25:24,211: 0 Tweet(s) acquired
INFO: 2023-01-26 22:26:25,247: 0 Tweet(s) acquired
INFO: 2023-01-26 22:27:26,240: 0 Tweet(s) acquired
INFO: 2023-01-26 22:28:27,238: 0 Tweet(s) acquired
INFO: 2023-01-26 22:29:28,216: 0 Tweet(s) acquired
INFO: 2023-01-26 22:30:29,181: 0 Tweet(s) acquired
INFO: 2023-01-26 22:31:30,257: 1 Tweet(s) acquired
INFO: 2023-01-26 22:32:31,288: 0 Tweet(s) acquired
INFO: 2023-01-26 22:33:32,245: 1 Tweet(s) acquired
INFO: 2023-01-26 22:34:33,251: 0 Tweet(s) acquired
INFO: 2023-01-26 22:35:34,275: 0 Tweet(s) acquired
INFO: 2023-01-26 22:36:35,233: 0 Tweet(s) acquired
INFO: 2023-01-26 22:37:36,246: 0 Tweet(s) acquired
INFO: 2023-01-26 22:38:37,215: 0 Tweet(s) acquired
INFO: 2023-01-26 22:39:38,209: 0 Tweet(s) acquired
INFO: 2023-01-26 22:40:39,329: 0 Tweet(s) acquired
INFO: 2023-01-26 22:41:40,231: 0 Tweet(s) acquired
INFO: 2023-01-26 22:42:41,221: 0 Tweet(s) acquired
INFO: 2023-01-26 22:43:42,223: 0 Tweet(s) acquired
INFO: 2023-01-26 22:44:43,217: 0 Tweet(s) acquired
INFO: 2023-01-26 22:45:44,205: 0 Tweet(s) acquired
INFO: 2023-01-26 22:45:56,196: Regist window: (TweetInputWindow, window_id: 5, component_id: 4)
INFO: 2023-01-26 22:46:00,508: Destroy window: (window_id: 4, component_id: 4)
INFO: 2023-01-26 22:46:01,921: Execute command: ['open', 'https://twitter.com/TomiXRM']
INFO: 2023-01-26 22:46:45,227: 0 Tweet(s) acquired
INFO: 2023-01-26 22:47:46,218: 0 Tweet(s) acquired
INFO: 2023-01-26 22:48:47,294: 1 Tweet(s) acquired
INFO: 2023-01-26 22:49:48,279: 0 Tweet(s) acquired
INFO: 2023-01-26 22:50:49,275: 0 Tweet(s) acquired
INFO: 2023-01-26 22:51:36,457: Detect terminal size change: (rows: 16, cols: 176)
INFO: 2023-01-26 22:51:38,532: Detect terminal size change: (rows: 16, cols: 151)
INFO: 2023-01-26 22:51:42,162: Detect terminal size change: (rows: 16, cols: 176)
INFO: 2023-01-26 22:51:50,308: 1 Tweet(s) acquired
INFO: 2023-01-26 22:52:51,221: 0 Tweet(s) acquired
INFO: 2023-01-26 22:53:52,231: 0 Tweet(s) acquired
INFO: 2023-01-26 22:54:53,250: 0 Tweet(s) acquired
INFO: 2023-01-26 22:55:54,218: 0 Tweet(s) acquired
INFO: 2023-01-26 22:56:55,238: 0 Tweet(s) acquired
INFO: 2023-01-26 22:57:56,456: 0 Tweet(s) acquired
INFO: 2023-01-26 22:58:57,208: 0 Tweet(s) acquired
INFO: 2023-01-26 22:59:58,250: 1 Tweet(s) acquired
INFO: 2023-01-26 23:00:59,262: 0 Tweet(s) acquired
INFO: 2023-01-26 23:02:00,254: 0 Tweet(s) acquired
INFO: 2023-01-26 23:03:01,285: 1 Tweet(s) acquired
INFO: 2023-01-26 23:04:02,247: 0 Tweet(s) acquired
INFO: 2023-01-26 23:05:03,197: 0 Tweet(s) acquired
INFO: 2023-01-26 23:06:04,215: 0 Tweet(s) acquired
INFO: 2023-01-26 23:07:05,235: 0 Tweet(s) acquired
INFO: 2023-01-26 23:08:06,255: 0 Tweet(s) acquired
INFO: 2023-01-26 23:09:07,228: 0 Tweet(s) acquired
INFO: 2023-01-26 23:10:08,216: 0 Tweet(s) acquired
INFO: 2023-01-26 23:11:09,270: 0 Tweet(s) acquired
INFO: 2023-01-26 23:12:10,246: 0 Tweet(s) acquired
INFO: 2023-01-26 23:13:11,235: 0 Tweet(s) acquired
INFO: 2023-01-26 23:13:41,852: Detect terminal size change: (rows: 16, cols: 151)
INFO: 2023-01-26 23:14:12,235: 0 Tweet(s) acquired
INFO: 2023-01-26 23:15:13,246: 0 Tweet(s) acquired
INFO: 2023-01-26 23:16:14,940: 0 Tweet(s) acquired
INFO: 2023-01-26 23:17:15,266: 0 Tweet(s) acquired
INFO: 2023-01-26 23:18:16,238: 0 Tweet(s) acquired
INFO: 2023-01-26 23:18:45,741: Detect terminal size change: (rows: 16, cols: 176)
INFO: 2023-01-26 23:19:17,223: 0 Tweet(s) acquired
INFO: 2023-01-26 23:20:18,219: 0 Tweet(s) acquired
INFO: 2023-01-26 23:21:19,214: 0 Tweet(s) acquired
INFO: 2023-01-26 23:22:20,227: 0 Tweet(s) acquired
INFO: 2023-01-26 23:23:21,240: 0 Tweet(s) acquired
INFO: 2023-01-26 23:24:22,254: 0 Tweet(s) acquired
INFO: 2023-01-26 23:25:23,235: 0 Tweet(s) acquired
INFO: 2023-01-26 23:26:24,193: 0 Tweet(s) acquired
INFO: 2023-01-26 23:27:25,204: 0 Tweet(s) acquired
INFO: 2023-01-26 23:28:26,218: 1 Tweet(s) acquired
INFO: 2023-01-26 23:29:27,400: 0 Tweet(s) acquired
INFO: 2023-01-26 23:30:28,240: 0 Tweet(s) acquired
INFO: 2023-01-26 23:31:29,262: 0 Tweet(s) acquired
INFO: 2023-01-26 23:32:30,233: 0 Tweet(s) acquired
INFO: 2023-01-26 23:33:31,362: 1 Tweet(s) acquired
INFO: 2023-01-26 23:34:32,334: 0 Tweet(s) acquired
INFO: 2023-01-26 23:35:33,546: 1 Tweet(s) acquired
INFO: 2023-01-26 23:36:34,270: 0 Tweet(s) acquired
INFO: 2023-01-26 23:37:35,278: 0 Tweet(s) acquired
INFO: 2023-01-26 23:38:36,257: 0 Tweet(s) acquired
INFO: 2023-01-26 23:39:37,245: 0 Tweet(s) acquired
INFO: 2023-01-26 23:40:38,250: 0 Tweet(s) acquired
INFO: 2023-01-26 23:41:39,510: 0 Tweet(s) acquired
INFO: 2023-01-26 23:42:40,254: 1 Tweet(s) acquired
INFO: 2023-01-26 23:43:41,231: 0 Tweet(s) acquired
INFO: 2023-01-26 23:44:42,257: 0 Tweet(s) acquired
INFO: 2023-01-26 23:45:44,048: 0 Tweet(s) acquired
INFO: 2023-01-26 23:46:44,244: 0 Tweet(s) acquired
INFO: 2023-01-26 23:47:45,247: 0 Tweet(s) acquired
INFO: 2023-01-26 23:48:46,239: 0 Tweet(s) acquired
INFO: 2023-01-26 23:49:47,226: 0 Tweet(s) acquired
INFO: 2023-01-26 23:50:48,265: 1 Tweet(s) acquired
ERROR: 2023-01-27 00:21:45,686: ('Connection aborted.', RemoteDisconnected('Remote end closed connection without response'))
INFO: 2023-01-27 00:21:46,630: 5 Tweet(s) acquired
ERROR: 2023-01-27 00:33:02,697: ('Connection aborted.', RemoteDisconnected('Remote end closed connection without response'))
INFO: 2023-01-27 00:33:08,343: 0 Tweet(s) acquired
ERROR: 2023-01-27 00:47:14,374: ('Connection aborted.', RemoteDisconnected('Remote end closed connection without response'))
INFO: 2023-01-27 00:47:21,434: 0 Tweet(s) acquired
INFO: 2023-01-27 00:48:21,286: 0 Tweet(s) acquired
INFO: 2023-01-27 00:49:22,147: 0 Tweet(s) acquired
INFO: 2023-01-27 00:50:23,147: 0 Tweet(s) acquired
INFO: 2023-01-27 00:51:24,162: 0 Tweet(s) acquired
INFO: 2023-01-27 00:52:25,168: 0 Tweet(s) acquired
INFO: 2023-01-27 00:53:26,140: 0 Tweet(s) acquired
INFO: 2023-01-27 00:54:27,247: 0 Tweet(s) acquired
INFO: 2023-01-27 00:55:28,148: 0 Tweet(s) acquired
INFO: 2023-01-27 00:56:29,183: 0 Tweet(s) acquired
INFO: 2023-01-27 00:57:25,682: Detect terminal size change: (rows: 16, cols: 274)
INFO: 2023-02-03 22:07:27,409: Detect terminal size change: (rows: 16, cols: 158)
INFO: 2023-02-03 22:07:27,416: Regist window: (TimelineHeaderWindow, window_id: 1, component_id: 0)
INFO: 2023-02-03 22:07:27,416: Regist window: (StatusBarWindow, window_id: 2, component_id: 1)
INFO: 2023-02-03 22:07:27,416: Regist window: (TimelineWindow, window_id: 3, component_id: 2)
INFO: 2023-02-03 22:07:27,417: Regist window: (DetailWindow, window_id: 4, component_id: 3)
INFO: 2023-02-03 22:07:31,094: 78 Tweet(s) acquired
INFO: 2023-02-03 22:08:31,283: 0 Tweet(s) acquired
INFO: 2023-02-03 22:09:32,268: 0 Tweet(s) acquired
INFO: 2023-02-03 22:10:33,160: 0 Tweet(s) acquired
INFO: 2023-02-03 22:11:34,256: 1 Tweet(s) acquired
INFO: 2023-02-03 22:12:35,797: 0 Tweet(s) acquired
INFO: 2023-02-03 22:13:36,420: 0 Tweet(s) acquired
INFO: 2023-02-03 22:14:37,403: 0 Tweet(s) acquired
INFO: 2023-02-03 22:15:38,291: 0 Tweet(s) acquired
INFO: 2023-02-03 22:16:39,397: 1 Tweet(s) acquired
INFO: 2023-02-03 22:17:40,375: 0 Tweet(s) acquired
INFO: 2023-02-03 22:18:41,170: 0 Tweet(s) acquired
INFO: 2023-02-03 22:19:42,378: 0 Tweet(s) acquired
INFO: 2023-02-03 22:20:43,342: 0 Tweet(s) acquired
INFO: 2023-02-03 22:21:44,183: 0 Tweet(s) acquired
INFO: 2023-02-03 22:22:41,808: Detect terminal size change: (rows: 16, cols: 137)
